
                       МОДУЛЬ 1 ПРАКТИКА 2 РАЗДЕЛ 1
_________________________________________________________________________________________
1: Создайте на сервере для 1 практики ключ ssh при помощи программы ssh-keygen

  ssh-keygen -t rsa -b 409

  total 24
  drwx------  2 eltex-pg1-v4 eltex-pg1-v4 4096 Mar 17 15:51 .
  drwxr-xr-x 18 eltex-pg1-v4 eltex-pg1-v4 4096 Mar 17 15:53 ..
  -rw-------  1 eltex-pg1-v4 eltex-pg1-v4 3401 Mar 17 15:51 id_rsa
  -rw-r--r--  1 eltex-pg1-v4 eltex-pg1-v4  756 Mar 17 15:51 id_rsa.pub
  -rw-------  1 eltex-pg1-v4 eltex-pg1-v4  978 Mar 17 15:31 known_hosts
  -rw-r--r--  1 eltex-pg1-v4 eltex-pg1-v4  142 Mar 12 19:21 known_hosts.old
_________________________________________________________________________________________
2: Скопируйте созданный ключ на сервер для 2 практики для пользователя root при помощи
   программы ssh-copy-id

  ssh-copy-id root@172.16.9.178
_________________________________________________________________________________________
3: Проверка ключа и прав доступа

  Содержимое ~/.ssh/*.pub на сервере 1 (cat):
  ssh-rsa AAAAB3NzaC1yc2EAAAADAQABAAACAQCGGId9h0DRNB0NkvaMwQqcmQ5lUPfsl5K5sr02EgkBBgpQQ9YEz2F>

  Содержимое ~/.ssh/authorized_keys на сервере 2:
  ssh-rsa AAAAB3NzaC1yc2EAAAADAQABAAACAQCGGId9h0DRNB0NkvaMwQqcmQ5lUPfsl5K5sr02EgkBBgpQQ9YEz2F>

  Вывод: содержимое файлов одинаковое.

  Права доступа:
  -rw-r--r-- 1 eltex-pg1-v4 eltex-pg1-v4 756 Mar 17 15:51 /home/eltex-pg1-v4/.ssh/id_rsa.pub
  Любой может читать, пользователь может читать и писать.
  -rw------- 1 root root 756 Mar 17 08:55 /root/.ssh/authorized_keys
  Только пользователь может читать и писать.
__________________________________________________________________________________________
4: Создайте пользователя user1, укажите необходимость создания shell /bin/bash.
   Создайте пароль пользователю user1

  useradd user1 -s /bin/bash
  passwd user1

  Проверка (vipw):
  user1:x:1001:1001::/home/user1:/bin/bash
__________________________________________________________________________________________
5: Создайте пользователя user2 и user3 при помощи команды adduser

  adduser user2
  adduser user3
__________________________________________________________________________________________
6: Для пользователя user3 смените shell на /usr/sbin/nologin (man usermod),
   выполните вход под этим пользователем при помощи утилиты su,
   сначала без дополнительных параметров, затем с явным указанием
   shell /bin/bash в параметрах su. Выполните logout

  usermod user3 -s /usr/sbin/nologin

  Проверяем вход при помощи утилиты su:
  su user3
  This account is currently not available. (логично, ведь в nologin)

  Теперь с явным указанием shell /bin/bash в параметрах su:
  su user3 -s /bin/bash
  Получилось, теперь я user3@eltex-practice2-pg1-v4:/root$
  Выходим:
  exit
__________________________________________________________________________________________
7: Создайте новую группу и добавьте её для всех пользователей user* как дополнительную,
   посмотрите список групп всех пользователей user*

  groupadd developers
  usermod user1 -a -G developers
  usermod user2 -a -G developers
  usermod user3 -a -G developers

  groups user1
  user1 : user1 developers

  groups user2
  user2 users developers

  groups user3
  user3 users developers

  user1 не входит в группу users тк он создан с помощью useradd
  (сами, с флагом -s, adduser автоматически добавляет в стандартную группу users)
__________________________________________________________________________________________
8: Создайте каталог /opt/share и назначьте группу из предыдущего пункта его владельцем,
   установите на этот каталог бит SGID, права для группы rwx.

  mkdir /opt/share
  chgrp developers /opt/share
  chmod 2775 /opt/share

  2 - бит SGIT

  Проверим:
  ls -ld /opt/share
  drwxrwsr-x 2 root developers 4096 Mar 19 13:42 /opt/share

  s в group - как раз этот самый бит SGIT
________________________________________________________________________________________
9: Для user1 задайте перманентно umask, снимающий право чтения для «прочих»

  echo "umask 0027" >> /home/user1/.bashrc

  Проверим:
  su user1
  umask
  0027
________________________________________________________________________________________
10. Создайте каждым из пользователей новые файлы в каталоге /opt/share, удалите файлы
    созданные другими пользователями

  User 1:
  cd /opt/share
  touch u1.txt
  ls -l
  -rw-r----- 1 user1 developers 0 Mar 19 16:28 u1.txt

  User 2:
  cd /opt/share
  touch u2.txt
  ls -l
  total 0
  -rw-r----- 1 user1 developers 0 Mar 19 16:28 u1.txt
  -rw-rw-r-- 1 user2 developers 0 Mar 19 16:30 u2.txt

  User 3:
  cd /opt/share
  touch u3.txt
  ls -l
  total 0
  -rw-r----- 1 user1 developers 0 Mar 19 16:28 u1.txt
  -rw-rw-r-- 1 user2 developers 0 Mar 19 16:30 u2.txt
  -rw-rw-r-- 1 user3 developers 0 Mar 19 16:32 u3.txt

  тк umask 0027 для user1 -rw-r-----, теперь попробуем удалить с другого пользователя:

  User 3:
  rm u1.txt
  rm: remove write-protected regular empty file 'u1.txt'? y
  ls -l
  total 0
  -rw-rw-r-- 1 user2 developers 0 Mar 19 16:30 u2.txt
  -rw-rw-r-- 1 user3 developers 0 Mar 19 16:32 u3.txt

  (спрашивает подтверждение тк не владелец файла и нет права на запись в файл,
   но! есть права на запись в каталог)

  User 1:
  rm u2.txt
  rm u3.txt
  ls -l
  total 0

  (есть права на запись в файл (через группу)=> могу удалить)
________________________________________________________________________________________
11: Повторите предыдущий пункт, предварительно установив sticky bit
    на каталоге /opt/share

  chmod 1775 /opt/share

  Теперь создадим файл от User 1 и попытаемся удалить его от User 2:
  -rw-r----- 1 user1 developers 0 Mar 19 16:50 u1.txt

  rm u1.txt
  rm: remove write-protected regular empty file 'u1.txt'? y
  rm: cannot remove 'u1.txt': Operation not permitted

  Теперь удалить не выходит тк sticky bit защищает файл от удаления другими пользователями
________________________________________________________________________________________
12: Разрешите user1 выполнять привилегированную команду dmesg при помощи команды sudo, а
    user2 – при помощи скрипта на языке bash с установленным флагом SUID

  which dmesg
  /usr/bin/dmesg

  echo "user1 ALL=(ALL) NOPASSWD: /bin/dmesg" >> /etc/sudoers.d/user1_dmesg
  su user 1
  sudo dmesg
  [    0.000000] Linux version 6.8.0-55-generic (buildd@lcy02-amd64-095) (x86_64-linux-gnu-gc>
  [    0.000000] Command line: BOOT_IMAGE=/vmlinuz-6.8.0-55-generic root=/dev/mapper/ubuntu-->
  [    0.000000] KERNEL supported cpus:
  [    0.000000]   Intel GenuineIntel
  [    0.000000]   AMD AuthenticAMD
                 ...

  разрешили!

  А вот с user2 - ловушка :(

  cat > /usr/local/bin/show_logs.sh << 'EOF'
  #!/bin/bash
  /bin/dmesg
  EOF

  su user2
  /usr/local/bin/show_logs.sh | head
  dmesg: read kernel buffer failed: Operation not permitted

  ls -l /usr/local/bin/show_logs.sh
  -rwsr-xr-x 1 root root 23 Mar 19 17:11 /usr/local/bin/show_logs.sh

  SUID на bash-скриптах не работает (в целях безопасности):
  ядро увидело SUID и собирается выполнять от root
  ядро не выполняет скрипт напрямую - читает первую строку #!/bin/bash
  запускает #!/bin/bash и передает скрипт как аргумент
  но....... мы можем подменить скрипт на что-то гаденькое до того как bash его прочитает :)

  как док-во выше можем видеть что s вместо x у владельца есть, но при запуске не работает
________________________________________________________________________________________
13: Для всех пользователей user* задайте время действия пароля – 10 дней.

  for user in user1 user2 user3; do
  > chage -M 10 $user
  > done

  chage -l user1
  Last password change                                    : Mar 19, 2026
  Password expires                                        : Mar 29, 2026
  Password inactive                                       : never
  Account expires                                         : never
  Minimum number of days between password change          : 0
  Maximum number of days between password change          : 10
  Number of days of warning before password expires       : 7
________________________________________________________________________________________
14: Отредактируйте файл /etc/motd, вписав туда свое имя и фамилию

  echo "Варвара Емелюшкина" >> /etc/motd
________________________________________________________________________________________
15: Создайте копию содержимого каталога /etc в каталог /root/etc_backup
    при помощи программы rcync

  mkdir -p /root/etc_backup
  rsync -av /etc/ /root/etc_backup/

  cd /root/etc_backup
  ls -la

  total 944
  drwxr-xr-x 109 root root       4096 Mar 19 17:51 .
  drwx------   6 root root       4096 Mar 19 17:54 ..
  -rw-r--r--   1 root root       3444 Jul  5  2023 adduser.conf
  drwxr-xr-x   2 root root       4096 Mar 19 17:43 alternatives
  drwxr-xr-x   2 root root       4096 Feb 16  2025 apparmor
  drwxr-xr-x   9 root root       4096 Mar 18 06:53 apparmor.d
  drwxr-xr-x   3 root root       4096 Mar 13 07:34 apport
  drwxr-xr-x   9 root root       4096 Mar 12  2025 apt
  -rw-r--r--   1 root root       2319 Mar 31  2024 bash.bashrc
  -rw-r--r--   1 root root         45 Feb 16  2025 bash_completion
        ...

  cd /etc
  ls -la

  total 944
  drwxr-xr-x 109 root root       4096 Mar 19 17:51 .
  drwxr-xr-x  23 root root       4096 Mar 12  2025 ..
  -rw-r--r--   1 root root       3444 Jul  5  2023 adduser.conf
  drwxr-xr-x   2 root root       4096 Mar 19 17:43 alternatives
  drwxr-xr-x   2 root root       4096 Feb 16  2025 apparmor
  drwxr-xr-x   9 root root       4096 Mar 18 06:53 apparmor.d
  drwxr-xr-x   3 root root       4096 Mar 13 07:34 apport
  drwxr-xr-x   9 root root       4096 Mar 12  2025 apt
  -rw-r--r--   1 root root       2319 Mar 31  2024 bash.bashrc
  -rw-r--r--   1 root root         45 Feb 16  2025 bash_completion
____________________________________________________________________________________
16: Заархивируйте содержимое каталога /root/etc_backup архиватором tar,
    используйте алгоритмы сжатия gzip, bzip2, 7zip, сравните размеры полученных файлов

  drwxr-xr-x 109 root root   4096 Mar 19 17:51 etc_backup

  tar -cjf etc_backup.tar.bz2 etc_backup/
  tar -cjf etc_backup.tar.bz2 etc_backup
  tar -cf - etc_backup/ | 7z a -si etc_backup.tar.7z

  ls -lh etc_backup.tar.*

  -rw-r--r-- 1 root root 477K Mar 19 18:11 etc_backup.tar.7z
  -rw-r--r-- 1 root root 556K Mar 19 18:10 etc_backup.tar.bz2
  -rw-r--r-- 1 root root 586K Mar 19 18:07 etc_backup.tar.gz

  gzip - сжал хуже всех, bzip2 - пойдет, 7zip - лучше всех !
____________________________________________________________________________________
17: Отредактируйте файл /etc/motd, вписав туда текущую дату и время,
    синхронизируйте каталог /root/etc_backup с каталогом /etc при помощи rsync,
    добавьте файл motd в архив, сжатый gzip

  echo "Дата: $(date)" >> /etc/motd
  rcync -av /etc/ /root/etc_backup/
  tar -czf etc_backup_updated.tar.gz etc_backup/
____________________________________________________________________________________
18: Сравните содержимое архива, упакованного bzip2 с сорержимым каталога /root/etc_backup

 без распаковки такой финт не выйдет
____________________________________________________________________________________
19: Распакуйте архивы etc_backup, упакованные gzip и 7zip в каталоги /root/etc_backup_gzip и
    /root/etc_backup_7zip, сравните программой diff файлы motd в этих каталогах.

  mkdir /root/etc_backup_gzip /root/etc_backup_7zip
  tar -xzf etc_backup.tar.gz -C /root/etc_backup_gzip
  7z x etc_backup.tar.7z -o/root/etc_backup_7zip_temp
  tar -xf /root/etc_backup_7zip_temp/etc_backup.tar -C /root/etc_backup_7zip
  rm -rf /root/etc_backup_7zip_temp

  diff /root/etc_backup_gzip/etc_backup/motd /root/etc_backup_7zip/etc_backup/motd
  Ничего не выдал - значит файлы одинаковые
____________________________________________________________________________________

                КОНЕЦ           МОДУЛЬ 1 ПРАКТИКА 2 РАЗДЕЛ 1

